TN:
SF:lib\auth.js
FN:4,(anonymous_0)
FN:28,(anonymous_1)
FN:52,(anonymous_2)
FNF:3
FNH:3
FNDA:3,(anonymous_0)
FNDA:3,(anonymous_1)
FNDA:2,(anonymous_2)
DA:4,1
DA:5,3
DA:6,1
DA:7,1
DA:10,2
DA:11,2
DA:15,1
DA:16,0
DA:17,0
DA:20,1
DA:22,1
DA:23,1
DA:28,1
DA:29,3
DA:30,1
DA:31,1
DA:34,2
DA:35,2
DA:39,1
DA:40,0
DA:41,0
DA:44,1
DA:46,1
DA:47,1
DA:52,1
DA:53,2
DA:54,2
DA:55,1
DA:56,0
DA:57,0
DA:61,1
DA:62,1
LF:32
LH:26
BRDA:5,0,0,1
BRDA:5,0,1,2
BRDA:5,1,0,3
BRDA:5,1,1,2
BRDA:15,2,0,0
BRDA:15,2,1,1
BRDA:29,3,0,1
BRDA:29,3,1,2
BRDA:29,4,0,3
BRDA:29,4,1,3
BRDA:39,5,0,0
BRDA:39,5,1,1
BRDA:55,6,0,0
BRDA:55,6,1,1
BRF:14
BRH:11
end_of_record
